Сборка начата 28.11.2023 17:44:29.
Уровень детализации журнала: Normal.     1>Проект "D:\3_SEM_LABS\KPO\asm4\Deserialization\Deserialization.vcxproj" в узле 2 (целевые объекты Rebuild).
     1>_PrepareForClean:
         Файл "Debug\Deserialization.tlog\Deserialization.lastbuildstate" удаляется.
       InitializeBuildStatus:
         Создание "Debug\Deserialization.tlog\unsuccessfulbuild", так как было задано "AlwaysCreate".
       ClCompile:
         C:\Program Files (x86)\Microsoft Visual Studio\2019\Community\VC\Tools\MSVC\14.29.30133\bin\HostX86\x86\CL.exe /c /ZI /JMC /nologo /W3 /WX- /diagnostics:column /sdl /Od /Oy- /D WIN32 /D _DEBUG /D _CONSOLE /D _UNICODE /D UNICODE /Gm- /EHsc /RTC1 /MDd /GS /fp:precise /permissive- /Zc:wchar_t /Zc:forScope /Zc:inline /Fo"Debug\\" /Fd"Debug\vc142.pdb" /external:W3 /Gd /TP /analyze- /FC /errorReport:prompt Deserialization.cpp Source.cpp
         Deserialization.cpp
         Source.cpp
     1>D:\3_SEM_LABS\KPO\asm4\Deserialization\Source.cpp(4,13): warning C4326: возвращаемый тип "main" должен быть "int", а не "void"
         Создание кода...
       Link:
         C:\Program Files (x86)\Microsoft Visual Studio\2019\Community\VC\Tools\MSVC\14.29.30133\bin\HostX86\x86\link.exe /ERRORREPORT:PROMPT /OUT:"D:\3_SEM_LABS\KPO\asm4\Debug\Deserialization.exe" /INCREMENTAL /ILK:"Debug\Deserialization.ilk" /NOLOGO kernel32.lib user32.lib gdi32.lib winspool.lib comdlg32.lib advapi32.lib shell32.lib ole32.lib oleaut32.lib uuid.lib odbc32.lib odbccp32.lib /MANIFEST /MANIFESTUAC:"level='asInvoker' uiAccess='false'" /manifest:embed /DEBUG /PDB:"D:\3_SEM_LABS\KPO\asm4\Debug\Deserialization.pdb" /SUBSYSTEM:CONSOLE /TLBID:1 /DYNAMICBASE /NXCOMPAT /IMPLIB:"D:\3_SEM_LABS\KPO\asm4\Debug\Deserialization.lib" /MACHINE:X86 Debug\Deserialization.obj
         Debug\Source.obj
         Deserialization.vcxproj -> D:\3_SEM_LABS\KPO\asm4\Debug\Deserialization.exe
       FinalizeBuildStatus:
         Файл "Debug\Deserialization.tlog\unsuccessfulbuild" удаляется.
         Обращение к "Debug\Deserialization.tlog\Deserialization.lastbuildstate".
     1>Сборка проекта "D:\3_SEM_LABS\KPO\asm4\Deserialization\Deserialization.vcxproj" завершена (целевые объекты Rebuild).

Сборка успешно завершена.

       "D:\3_SEM_LABS\KPO\asm4\Deserialization\Deserialization.vcxproj" (целевой объект Rebuild ) (1) ->
       (Целевой объект ClCompile) -> 
         D:\3_SEM_LABS\KPO\asm4\Deserialization\Source.cpp(4,13): warning C4326: возвращаемый тип "main" должен быть "int", а не "void"

    Предупреждений: 1
    Ошибок: 0

Прошло времени 00:00:00.96
