Сборка начата 05.12.2023 17:53:06.
Уровень детализации журнала: Normal.     1>Проект "D:\3_SEM_LABS\KPO\SE_Lab019\SE_asm01b\SE_asm01b.vcxproj" в узле 2 (целевые объекты Rebuild).
     1>_PrepareForClean:
         Файл "Debug\SE_asm01b.tlog\SE_asm01b.lastbuildstate" удаляется.
       InitializeBuildStatus:
         Создание "Debug\SE_asm01b.tlog\unsuccessfulbuild", так как было задано "AlwaysCreate".
       _MASM:
         Assembling asm01b.asm...
         cmd.exe /C "C:\Users\user\AppData\Local\Temp\tmp6fdd574fd5f54bfa84549eca3eac51d4.cmd"
         ml.exe /c /nologo /Zi /Fo"Debug\asm01b.obj" /W3 /errorReport:prompt  /Taasm01b.asm
       Link:
         C:\Program Files (x86)\Microsoft Visual Studio\2019\Community\VC\Tools\MSVC\14.29.30133\bin\HostX86\x86\link.exe /ERRORREPORT:PROMPT /OUT:"D:\3_SEM_LABS\KPO\SE_Lab019\Debug\SE_asm01b.exe" /INCREMENTAL /ILK:"Debug\SE_asm01b.ilk" /NOLOGO kernel32.lib user32.lib gdi32.lib winspool.lib comdlg32.lib advapi32.lib shell32.lib ole32.lib oleaut32.lib uuid.lib odbc32.lib odbccp32.lib /MANIFEST /MANIFESTUAC:"level='asInvoker' uiAccess='false'" /manifest:embed /DEBUG /PDB:"D:\3_SEM_LABS\KPO\SE_Lab019\Debug\SE_asm01b.pdb" /SUBSYSTEM:CONSOLE /TLBID:1 /DYNAMICBASE /NXCOMPAT /IMPLIB:"D:\3_SEM_LABS\KPO\SE_Lab019\Debug\SE_asm01b.lib" /MACHINE:X86 D:\3_SEM_LABS\KPO\SE_Lab019\Debug\SE_asm01aa.lib
         Debug\asm01b.obj
         SE_asm01b.vcxproj -> D:\3_SEM_LABS\KPO\SE_Lab019\Debug\SE_asm01b.exe
       FinalizeBuildStatus:
         Файл "Debug\SE_asm01b.tlog\unsuccessfulbuild" удаляется.
         Обращение к "Debug\SE_asm01b.tlog\SE_asm01b.lastbuildstate".
     1>Сборка проекта "D:\3_SEM_LABS\KPO\SE_Lab019\SE_asm01b\SE_asm01b.vcxproj" завершена (целевые объекты Rebuild).

Сборка успешно завершена.
    Предупреждений: 0
    Ошибок: 0

Прошло времени 00:00:00.70
