Сборка начата 05.12.2023 17:53:05.
Уровень детализации журнала: Normal.     1>Проект "D:\3_SEM_LABS\KPO\SE_Lab019\SE_Lab019\SE_Lab019.vcxproj" в узле 4 (целевые объекты Rebuild).
     1>_PrepareForClean:
         Файл "Debug\SE_Lab019.tlog\SE_Lab019.lastbuildstate" удаляется.
       InitializeBuildStatus:
         Создание "Debug\SE_Lab019.tlog\unsuccessfulbuild", так как было задано "AlwaysCreate".
       _MASM:
         Assembling lab19.asm...
         cmd.exe /C "C:\Users\user\AppData\Local\Temp\tmp7ecd600b604d4305a46cd322c316b305.cmd"
         ml.exe /c /nologo /Zi /Fo"Debug\lab19.obj" /W3 /errorReport:prompt  /Talab19.asm
       Link:
         C:\Program Files (x86)\Microsoft Visual Studio\2019\Community\VC\Tools\MSVC\14.29.30133\bin\HostX86\x86\link.exe /ERRORREPORT:PROMPT /OUT:"D:\3_SEM_LABS\KPO\SE_Lab019\Debug\SE_Lab019.exe" /INCREMENTAL /ILK:"Debug\SE_Lab019.ilk" /NOLOGO kernel32.lib user32.lib gdi32.lib winspool.lib comdlg32.lib advapi32.lib shell32.lib ole32.lib oleaut32.lib uuid.lib odbc32.lib odbccp32.lib /MANIFEST /MANIFESTUAC:"level='asInvoker' uiAccess='false'" /manifest:embed /DEBUG /PDB:"D:\3_SEM_LABS\KPO\SE_Lab019\Debug\SE_Lab019.pdb" /SUBSYSTEM:CONSOLE /TLBID:1 /DYNAMICBASE /NXCOMPAT /IMPLIB:"D:\3_SEM_LABS\KPO\SE_Lab019\Debug\SE_Lab019.lib" /MACHINE:X86 Debug\lab19.obj
         SE_Lab019.vcxproj -> D:\3_SEM_LABS\KPO\SE_Lab019\Debug\SE_Lab019.exe
       FinalizeBuildStatus:
         Файл "Debug\SE_Lab019.tlog\unsuccessfulbuild" удаляется.
         Обращение к "Debug\SE_Lab019.tlog\SE_Lab019.lastbuildstate".
     1>Сборка проекта "D:\3_SEM_LABS\KPO\SE_Lab019\SE_Lab019\SE_Lab019.vcxproj" завершена (целевые объекты Rebuild).

Сборка успешно завершена.
    Предупреждений: 0
    Ошибок: 0

Прошло времени 00:00:01.03
