Сборка начата 05.12.2023 17:53:05.
Уровень детализации журнала: Normal.     1>Проект "D:\3_SEM_LABS\KPO\SE_Lab019\SE_asm01c\SE_asm01c.vcxproj" в узле 3 (целевые объекты Rebuild).
     1>_PrepareForClean:
         Файл "Debug\SE_asm01c.tlog\SE_asm01c.lastbuildstate" удаляется.
       InitializeBuildStatus:
         Создание "Debug\SE_asm01c.tlog\unsuccessfulbuild", так как было задано "AlwaysCreate".
       ClCompile:
         C:\Program Files (x86)\Microsoft Visual Studio\2019\Community\VC\Tools\MSVC\14.29.30133\bin\HostX86\x86\CL.exe /c /ZI /JMC /nologo /W3 /WX- /diagnostics:column /sdl /Od /Oy- /D WIN32 /D _DEBUG /D _CONSOLE /D _UNICODE /D UNICODE /Gm- /EHsc /RTC1 /MDd /GS /fp:precise /permissive- /Zc:wchar_t /Zc:forScope /Zc:inline /Fo"Debug\\" /Fd"Debug\vc142.pdb" /external:W3 /Gd /TP /analyze- /FC /errorReport:prompt asm01c.cpp
         asm01c.cpp
       Link:
         C:\Program Files (x86)\Microsoft Visual Studio\2019\Community\VC\Tools\MSVC\14.29.30133\bin\HostX86\x86\link.exe /ERRORREPORT:PROMPT /OUT:"D:\3_SEM_LABS\KPO\SE_Lab019\Debug\SE_asm01c.exe" /INCREMENTAL /ILK:"Debug\SE_asm01c.ilk" /NOLOGO kernel32.lib user32.lib gdi32.lib winspool.lib comdlg32.lib advapi32.lib shell32.lib ole32.lib oleaut32.lib uuid.lib odbc32.lib odbccp32.lib /MANIFEST /MANIFESTUAC:"level='asInvoker' uiAccess='false'" /manifest:embed /DEBUG /PDB:"D:\3_SEM_LABS\KPO\SE_Lab019\Debug\SE_asm01c.pdb" /SUBSYSTEM:CONSOLE /TLBID:1 /DYNAMICBASE /NXCOMPAT /IMPLIB:"D:\3_SEM_LABS\KPO\SE_Lab019\Debug\SE_asm01c.lib" /MACHINE:X86 Debug\asm01c.obj
         SE_asm01c.vcxproj -> D:\3_SEM_LABS\KPO\SE_Lab019\Debug\SE_asm01c.exe
       FinalizeBuildStatus:
         Файл "Debug\SE_asm01c.tlog\unsuccessfulbuild" удаляется.
         Обращение к "Debug\SE_asm01c.tlog\SE_asm01c.lastbuildstate".
     1>Сборка проекта "D:\3_SEM_LABS\KPO\SE_Lab019\SE_asm01c\SE_asm01c.vcxproj" завершена (целевые объекты Rebuild).

Сборка успешно завершена.
    Предупреждений: 0
    Ошибок: 0

Прошло времени 00:00:01.46
