d:\3_sem_labs\kpo\se_lab18\se_lab18_2\se_lab18_2\debug\vc142.pdb
d:\3_sem_labs\kpo\se_lab18\se_lab18_2\se_lab18_2\debug\vc142.idb
d:\3_sem_labs\kpo\se_lab18\se_lab18_2\se_lab18_2\debug\se_lab18.obj
d:\3_sem_labs\kpo\se_lab18\se_lab18_2\se_lab18_2\debug\pn.obj
d:\3_sem_labs\kpo\se_lab18\se_lab18_2\se_lab18_2\debug\parm.obj
d:\3_sem_labs\kpo\se_lab18\se_lab18_2\se_lab18_2\debug\out.obj
d:\3_sem_labs\kpo\se_lab18\se_lab18_2\se_lab18_2\debug\mfst.obj
d:\3_sem_labs\kpo\se_lab18\se_lab18_2\se_lab18_2\debug\lt.obj
d:\3_sem_labs\kpo\se_lab18\se_lab18_2\se_lab18_2\debug\log.obj
d:\3_sem_labs\kpo\se_lab18\se_lab18_2\se_lab18_2\debug\lexanalysis.obj
d:\3_sem_labs\kpo\se_lab18\se_lab18_2\se_lab18_2\debug\it.obj
d:\3_sem_labs\kpo\se_lab18\se_lab18_2\se_lab18_2\debug\in.obj
d:\3_sem_labs\kpo\se_lab18\se_lab18_2\se_lab18_2\debug\grb.obj
d:\3_sem_labs\kpo\se_lab18\se_lab18_2\se_lab18_2\debug\fst.obj
d:\3_sem_labs\kpo\se_lab18\se_lab18_2\se_lab18_2\debug\error.obj
d:\3_sem_labs\kpo\se_lab18\se_lab18_2\debug\se_lab18_2.exe
d:\3_sem_labs\kpo\se_lab18\se_lab18_2\se_lab18_2\debug\se_lab18_2.ilk
d:\3_sem_labs\kpo\se_lab18\se_lab18_2\debug\se_lab18_2.pdb
d:\3_sem_labs\kpo\se_lab18\se_lab18_2\se_lab18_2\debug\se_lab18_2.tlog\cl.command.1.tlog
d:\3_sem_labs\kpo\se_lab18\se_lab18_2\se_lab18_2\debug\se_lab18_2.tlog\cl.read.1.tlog
d:\3_sem_labs\kpo\se_lab18\se_lab18_2\se_lab18_2\debug\se_lab18_2.tlog\cl.write.1.tlog
d:\3_sem_labs\kpo\se_lab18\se_lab18_2\se_lab18_2\debug\se_lab18_2.tlog\link.command.1.tlog
d:\3_sem_labs\kpo\se_lab18\se_lab18_2\se_lab18_2\debug\se_lab18_2.tlog\link.read.1.tlog
d:\3_sem_labs\kpo\se_lab18\se_lab18_2\se_lab18_2\debug\se_lab18_2.tlog\link.write.1.tlog
