Сборка начата 28.11.2023 17:44:28.
Уровень детализации журнала: Normal.     1>Проект "D:\3_SEM_LABS\KPO\asm4\asm4\asm4.vcxproj" в узле 2 (целевые объекты Rebuild).
     1>_PrepareForClean:
         Файл "Debug\Serialization.tlog\Serialization.lastbuildstate" удаляется.
       InitializeBuildStatus:
         Создание "Debug\Serialization.tlog\unsuccessfulbuild", так как было задано "AlwaysCreate".
       ClCompile:
         C:\Program Files (x86)\Microsoft Visual Studio\2019\Community\VC\Tools\MSVC\14.29.30133\bin\HostX86\x86\CL.exe /c /ZI /JMC /nologo /W3 /WX- /diagnostics:column /sdl /Od /Oy- /D WIN32 /D _DEBUG /D _CONSOLE /D _UNICODE /D UNICODE /Gm- /EHsc /RTC1 /MDd /GS /fp:precise /permissive- /Zc:wchar_t /Zc:forScope /Zc:inline /Fo"Debug\\" /Fd"Debug\vc142.pdb" /external:W3 /Gd /TP /analyze- /FC /errorReport:prompt Serializator.cpp Source.cpp
         Serializator.cpp
         Source.cpp
     1>D:\3_SEM_LABS\KPO\asm4\asm4\Source.cpp(4,13): warning C4326: возвращаемый тип "main" должен быть "int", а не "void"
         Создание кода...
       Link:
         C:\Program Files (x86)\Microsoft Visual Studio\2019\Community\VC\Tools\MSVC\14.29.30133\bin\HostX86\x86\link.exe /ERRORREPORT:PROMPT /OUT:"D:\3_SEM_LABS\KPO\asm4\Debug\Serialization.exe" /INCREMENTAL /ILK:"Debug\Serialization.ilk" /NOLOGO kernel32.lib user32.lib gdi32.lib winspool.lib comdlg32.lib advapi32.lib shell32.lib ole32.lib oleaut32.lib uuid.lib odbc32.lib odbccp32.lib /MANIFEST /MANIFESTUAC:"level='asInvoker' uiAccess='false'" /manifest:embed /DEBUG /PDB:"D:\3_SEM_LABS\KPO\asm4\Debug\Serialization.pdb" /SUBSYSTEM:CONSOLE /TLBID:1 /DYNAMICBASE /NXCOMPAT /IMPLIB:"D:\3_SEM_LABS\KPO\asm4\Debug\Serialization.lib" /MACHINE:X86 Debug\Serializator.obj
         Debug\Source.obj
         asm4.vcxproj -> D:\3_SEM_LABS\KPO\asm4\Debug\Serialization.exe
       FinalizeBuildStatus:
         Файл "Debug\Serialization.tlog\unsuccessfulbuild" удаляется.
         Обращение к "Debug\Serialization.tlog\Serialization.lastbuildstate".
     1>Сборка проекта "D:\3_SEM_LABS\KPO\asm4\asm4\asm4.vcxproj" завершена (целевые объекты Rebuild).

Сборка успешно завершена.

       "D:\3_SEM_LABS\KPO\asm4\asm4\asm4.vcxproj" (целевой объект Rebuild ) (1) ->
       (Целевой объект ClCompile) -> 
         D:\3_SEM_LABS\KPO\asm4\asm4\Source.cpp(4,13): warning C4326: возвращаемый тип "main" должен быть "int", а не "void"

    Предупреждений: 1
    Ошибок: 0

Прошло времени 00:00:01.15
