Сборка начата 05.12.2023 17:53:06.
Уровень детализации журнала: Normal.     1>Проект "D:\3_SEM_LABS\KPO\SE_Lab019\SE_asm01e\SE_asm01e.vcxproj" в узле 6 (целевые объекты Rebuild).
     1>_PrepareForClean:
         Файл "Debug\SE_asm01e.tlog\SE_asm01e.lastbuildstate" удаляется.
       InitializeBuildStatus:
         Создание "Debug\SE_asm01e.tlog\unsuccessfulbuild", так как было задано "AlwaysCreate".
       _MASM:
         Assembling SE_asm01e.asm...
         cmd.exe /C "C:\Users\user\AppData\Local\Temp\tmpbef3bf95da5c48e4b68ba404a1965577.cmd"
         ml.exe /c /nologo /Zi /Fo"Debug\SE_asm01e.obj" /W3 /errorReport:prompt  /TaSE_asm01e.asm
       Link:
         C:\Program Files (x86)\Microsoft Visual Studio\2019\Community\VC\Tools\MSVC\14.29.30133\bin\HostX86\x86\link.exe /ERRORREPORT:PROMPT /OUT:"D:\3_SEM_LABS\KPO\SE_Lab019\Debug\SE_asm01e.exe" /INCREMENTAL /ILK:"Debug\SE_asm01e.ilk" /NOLOGO kernel32.lib user32.lib gdi32.lib winspool.lib comdlg32.lib advapi32.lib shell32.lib ole32.lib oleaut32.lib uuid.lib odbc32.lib odbccp32.lib /MANIFEST /MANIFESTUAC:"level='asInvoker' uiAccess='false'" /manifest:embed /DEBUG /PDB:"D:\3_SEM_LABS\KPO\SE_Lab019\Debug\SE_asm01e.pdb" /SUBSYSTEM:CONSOLE /TLBID:1 /DYNAMICBASE /NXCOMPAT /IMPLIB:"D:\3_SEM_LABS\KPO\SE_Lab019\Debug\SE_asm01e.lib" /MACHINE:X86 Debug\SE_asm01e.obj
     1>LINK : warning LNK4098: библиотека по умолчанию "libucrt.lib" конфликтует с использованием других библиотек; используйте /NODEFAULTLIB:library
     1>SE_asm01d.lib(SE_asm01d.obj) : warning LNK4204: в "" отсутствуют отладочные данные для ссылок на модуль; компоновка объекта выполняется как при отсутствии отладочных данных
         SE_asm01e.vcxproj -> D:\3_SEM_LABS\KPO\SE_Lab019\Debug\SE_asm01e.exe
       FinalizeBuildStatus:
         Файл "Debug\SE_asm01e.tlog\unsuccessfulbuild" удаляется.
         Обращение к "Debug\SE_asm01e.tlog\SE_asm01e.lastbuildstate".
     1>Сборка проекта "D:\3_SEM_LABS\KPO\SE_Lab019\SE_asm01e\SE_asm01e.vcxproj" завершена (целевые объекты Rebuild).

Сборка успешно завершена.

       "D:\3_SEM_LABS\KPO\SE_Lab019\SE_asm01e\SE_asm01e.vcxproj" (целевой объект Rebuild ) (1) ->
       (Целевой объект Link) -> 
         LINK : warning LNK4098: библиотека по умолчанию "libucrt.lib" конфликтует с использованием других библиотек; используйте /NODEFAULTLIB:library
         SE_asm01d.lib(SE_asm01d.obj) : warning LNK4204: в "" отсутствуют отладочные данные для ссылок на модуль; компоновка объекта выполняется как при отсутствии отладочных данных

    Предупреждений: 2
    Ошибок: 0

Прошло времени 00:00:01.28
